<?xml version="1.0" encoding="UTF-8"?>
<!-- Generated by org.testng.reporters.JUnitReportReporter -->
<testsuite skipped="0" hostname="BDC6-DX-5F1HXH2" name="day_1.keystrokes_actions" tests="1" failures="0" timestamp="18 Sep 2019 10:45:08 GMT" time="27.864" errors="0">
  <testcase name="f" time="27.864" classname="day_1.keystrokes_actions"/>
</testsuite> <!-- day_1.keystrokes_actions -->
