<?xml version="1.0" encoding="UTF-8"?>
<!-- Generated by org.testng.reporters.JUnitReportReporter -->
<testsuite skipped="0" hostname="BDC6-DX-5F1HXH2" name="day_1.demo2" tests="4" failures="0" timestamp="17 Sep 2019 10:07:12 GMT" time="0.010" errors="0">
  <testcase name="Register" time="0.002" classname="day_1.demo2"/>
  <testcase name="Login" time="0.005" classname="day_1.demo2"/>
  <testcase name="HomePage" time="0.002" classname="day_1.demo2"/>
  <testcase name="Logout" time="0.001" classname="day_1.demo2"/>
</testsuite> <!-- day_1.demo2 -->
