<?xml version="1.0" encoding="UTF-8"?>
<!-- Generated by org.testng.reporters.JUnitReportReporter -->
<testsuite skipped="0" hostname="BDC6-DX-5F1HXH2" name="day_1.WebDriver_Demo1" tests="1" failures="0" timestamp="18 Sep 2019 03:39:03 GMT" time="10.391" errors="0">
  <testcase name="Browserlaunch" time="10.391" classname="day_1.WebDriver_Demo1"/>
</testsuite> <!-- day_1.WebDriver_Demo1 -->
