<?xml version="1.0" encoding="UTF-8"?>
<!-- Generated by org.testng.reporters.JUnitReportReporter -->
<testsuite skipped="0" hostname="BDC6-DX-5F1HXH2" name="day_1.Mousehover_action" tests="1" failures="0" timestamp="18 Sep 2019 10:12:01 GMT" time="54.125" errors="0">
  <testcase name="f" time="54.125" classname="day_1.Mousehover_action"/>
</testsuite> <!-- day_1.Mousehover_action -->
