<?xml version="1.0" encoding="UTF-8"?>
<!-- Generated by org.testng.reporters.JUnitReportReporter -->
<testsuite skipped="0" hostname="BDC6-DX-5F1HXH2" name="day_1.WebDriver_Demo3" tests="1" failures="0" timestamp="18 Sep 2019 04:59:00 GMT" time="19.548" errors="0">
  <testcase name="f" time="19.548" classname="day_1.WebDriver_Demo3"/>
</testsuite> <!-- day_1.WebDriver_Demo3 -->
