<?xml version="1.0" encoding="UTF-8"?>
<!-- Generated by org.testng.reporters.JUnitReportReporter -->
<testsuite skipped="0" hostname="BDC6-DX-5F1HXH2" name="day_1.DragandDrop_actions" tests="1" failures="0" timestamp="19 Sep 2019 04:32:20 GMT" time="19.827" errors="0">
  <testcase name="f" time="19.827" classname="day_1.DragandDrop_actions"/>
</testsuite> <!-- day_1.DragandDrop_actions -->
