<?xml version="1.0" encoding="UTF-8"?>
<!-- Generated by org.testng.reporters.JUnitReportReporter -->
<testsuite skipped="0" hostname="BDC6-DX-5F1HXH2" name="day_1.WebDriver_Demo4" tests="1" failures="0" timestamp="18 Sep 2019 09:18:35 GMT" time="17.858" errors="0">
  <testcase name="f" time="17.858" classname="day_1.WebDriver_Demo4"/>
</testsuite> <!-- day_1.WebDriver_Demo4 -->
