<?xml version="1.0" encoding="UTF-8"?>
<!-- Generated by org.testng.reporters.JUnitReportReporter -->
<testsuite skipped="0" hostname="BDC6-DX-5F1HXH2" name="day_1.WebDriver_Demo2" tests="1" failures="0" timestamp="18 Sep 2019 04:26:15 GMT" time="13.250" errors="0">
  <testcase name="f" time="13.250" classname="day_1.WebDriver_Demo2"/>
</testsuite> <!-- day_1.WebDriver_Demo2 -->
