<?xml version="1.0" encoding="UTF-8"?>
<!-- Generated by org.testng.reporters.JUnitReportReporter -->
<testsuite skipped="0" hostname="BDC6-DX-5F1HXH2" name="day_1.WebDriver_demo6" tests="1" failures="0" timestamp="18 Sep 2019 09:36:16 GMT" time="68.399" errors="0">
  <testcase name="f" time="68.399" classname="day_1.WebDriver_demo6"/>
</testsuite> <!-- day_1.WebDriver_demo6 -->
