<?xml version="1.0" encoding="UTF-8"?>
<!-- Generated by org.testng.reporters.JUnitReportReporter -->
<testsuite skipped="0" hostname="BDC6-DX-5F1HXH2" name="day_1.testng_demo" tests="2" failures="0" timestamp="17 Sep 2019 10:07:12 GMT" time="0.004" errors="0">
  <testcase name="f" time="0.002" classname="day_1.testng_demo"/>
  <testcase name="f1" time="0.002" classname="day_1.testng_demo"/>
</testsuite> <!-- day_1.testng_demo -->
